2021-04-30 12:14:30,167:INFO: [0.36089124 0.49301165 0.37794075 0.45039574 0.38870598 0.43377086
 0.38721113 0.43543599 0.41772744 0.48299131 0.5046724  0.40620813
 0.40336815 0.37376905 0.40576539 0.48304921 0.53236981 0.43519731
 0.44263128 0.4091896  0.42567429 0.44745487 0.48655288 0.44685183
 0.44832471 0.39534979 0.46151872 0.42938892 0.4515319  0.43841707
 0.4647342  0.42807858 0.50862854 0.46455082 0.39665502 0.41160308
 0.47715535 0.27875015 0.43595707 0.25968551 0.46345319 0.40933046
 0.38434752 0.41454239 0.55098316 0.38755606 0.41645694 0.57988047
 0.41072964 0.42569034 0.39077929 0.37074845 0.41317759 0.40689017
 0.40588275 0.46426035 0.45541501 0.40039232 0.55593496 0.51614912
 0.47736452 0.39973178 0.42157837 0.46707261 0.46394494 0.41623059
 0.40371127 0.54753988 0.4355602  0.42697003 0.39679103 0.42073185
 0.38907995 0.42159448 0.36418922 0.46559013 0.58558415 0.45770676
 0.40225544 0.39586837 0.41050951 0.42808464 0.39776469 0.39732652
 0.57805924 0.46958887 0.43460931 0.40925954 0.55485217 0.5782494
 0.45847936 0.44253993 0.43688072 0.46108463 0.47737027 0.42654121
 0.44583899 0.3952006  0.44238396 0.39152402 0.3904671  0.455315
 0.37211792 0.40300826 0.41253908 0.41080985 0.36194612 0.42501989
 0.42265093 0.49981626 0.39241219 0.4273584  0.42869372 0.40228036
 0.45926033 0.4245655  0.44667364 0.45774481 0.41689784 0.37750452
 0.51896514 0.34906192 0.3050712  0.45839707 0.3943473  0.45769373
 0.37573457 0.43259899 0.42987109 0.53436757 0.55164614 0.53120349
 0.41277599 0.45461236 0.38956528 0.39250096 0.43701192 0.39866335
 0.48997748 0.44456905 0.40043732 0.35983841 0.43133402 0.39894461
 0.44448864 0.40731593 0.46963206 0.41821117 0.4499731  0.55571466
 0.438732   0.51695782        inf 0.3865202  0.57816746 0.57346928
 0.46676865 0.35817158 0.56382854 0.43827491 0.45057961 0.42240031
 0.36243942 0.43138815 0.41425991 0.42345154 0.38554067 0.41743073
 0.40437172 0.45806153 0.52898401 0.41422306 0.37596926 0.5178327
 0.41503132 0.41401308 0.37435171 0.41713331 0.40709848 0.46702104
 0.39747922 0.41549001 0.39424673 0.32910965 0.4024586  0.53226923
 0.56718593 0.5174841  0.45195836 0.47683312 0.39245092 0.48253639
 0.4443841  0.2562824  0.49023895 0.40052115 0.45962982 0.3818032
 0.39619553 0.46075937 0.39872587 0.43094    0.24247446 0.39019567
 0.51770446 0.25803095 0.45770229 0.41865126 0.42965827 0.54822463
 0.45133804 0.33480653 0.57790368 0.57753637 0.51945229 0.43973913
 0.42247974 0.42110761 0.45807977 0.41449198 0.42832595 0.43911149
 0.56727817 0.45129144 0.39813056 0.5044876  0.43414926 0.45204198
 0.43538309 0.4437076  0.39545445 0.34329664 0.41186398 0.39377701
 0.43165761 0.52697031 0.33096155 0.27940619 0.45703302 0.502701
 0.42673075 0.44769083 0.42827347 0.45450485 0.49589196 0.41613074
 0.38530655 0.49162704 0.56712077 0.45095073 0.42711274 0.43759017
 0.38518025 0.43845347 0.58083097 0.46365024 0.47053957 0.4071465
 0.47698646 0.44236772 0.41001813 0.40602579 0.38770165 0.54731164
 0.43643817 0.46141757 0.43030255 0.45826159 0.38634567 0.25070171
 0.45357463 0.44796508 0.28356682 0.37996306 0.40098159 0.45379832
 0.44132579 0.41525728 0.44112589 0.41837195 0.40958071 0.43236735
 0.29175236 0.44074629 0.49756709 0.44153487 0.40250096 0.37421654
 0.42835185 0.45724462 0.44792847 0.42725998 0.38981027 0.38106564
 0.48239337 0.43514091 0.48645019 0.46275056 0.50885317 0.39450531
 0.45697411 0.41259491 0.47957505 0.43453289 0.45787488 0.48820255
 0.39516759 0.35976775 0.25464817 0.43174144 0.4108809  0.39123694
 0.35918805 0.42331961 0.59249817 0.43500051 0.38475602 0.42657521
 0.3795087  0.42547999 0.38626284 0.42132603 0.44439589 0.52624973
 0.48296816 0.36070138 0.46012937 0.39043369 0.56778825 0.48526728
 0.39374967 0.45679629 0.44902452 0.43358479 0.41628303 0.46949115
 0.47014444 0.37856368 0.45131189 0.40922693 0.42081493 0.39145697
 0.3953862  0.42195243 0.42352817 0.44238537 0.43710396 0.39446435
 0.54182823 0.42722277 0.42845035 0.41379872 0.24754655 0.37644221
 0.42126408 0.4178489  0.32996877 0.44092543 0.56095325 0.46838314
 0.28083497 0.41499599 0.43498299 0.40130166 0.4498829  0.38613936
 0.41947578 0.39506879 0.38789648 0.40891693 0.42776948 0.42467535
 0.41476524 0.46556    0.49658744 0.52964363 0.40206648 0.44496849
 0.38711301 0.38644732 0.39718041 0.45725149 0.38516406 0.40485155
 0.21279514 0.45924733 0.36562327 0.22357997 0.40738509 0.46815898
 0.28804786 0.3527304  0.48768839 0.45057138 0.45546847 0.43294226
 0.4086691  0.43529887 0.54192414 0.44044438 0.40569159 0.38332736
 0.43160817 0.40414632 0.41218779 0.42417929 0.43842017 0.42984907
 0.4696953  0.50090624 0.4140468  0.42136257 0.3997459  0.49880823
 0.27128555 0.37329646 0.45339614 0.40694195 0.39890225 0.26750623
 0.43735819 0.41549038 0.48099367 0.45423183 0.56082489 0.38875199
 0.52694541 0.24985307 0.40981464 0.36538912 0.46041617 0.3996574
 0.45311197 0.45241094 0.45240338 0.35483914 0.45606198 0.3626888
 0.42940992 0.41199907 0.53564248 0.42831796 0.38547221 0.42872641
 0.38223475 0.50651086 0.41073042 0.48587198 0.54631091 0.52157588
 0.44036501 0.45668189 0.43282733 0.42939471 0.47667369 0.39552322
 0.39544154 0.51122181 0.43884732 0.44033904 0.4293697  0.41015232
 0.57183364 0.49838958 0.50849891 0.40285822 0.44992947 0.46591169
 0.54540237 0.46985668 0.42140128 0.44482169 0.54667549 0.4124508
 0.40000922 0.40645197 0.23315313 0.40201435 0.33429636 0.40587016
 0.45828121 0.49517268 0.42939227 0.54413834 0.53960315 0.38427551
 0.3791314  0.43988776 0.37944055 0.48411476 0.37478073 0.56195186
 0.4641538  0.42611631 0.36817352 0.57818972 0.35263435 0.48542538
 0.38770602 0.36159235 0.40726414 0.43030456 0.39798408 0.435129
 0.41360598 0.3735602  0.43842653 0.40410139 0.42140996 0.38450202
 0.42529082 0.44530608 0.42137357 0.37118825 0.46232515 0.5770906
 0.3898131  0.4148822  0.50842616 0.40062305 0.51862891 0.40118363
 0.50842368 0.45419775 0.38366088 0.36175037 0.55201787 0.46284529
 0.52855255 0.42439717 0.38404584 0.4086     0.41652993 0.55858925
 0.37950371 0.43929934 0.43572439 0.41372226 0.48968824 0.56495603
 0.41077971 0.28018554 0.40590901 0.38501472 0.38582189 0.47981704
 0.42959575 0.47849625 0.44288528 0.47009084 0.42937128 0.46259555
 0.47370302 0.24888363 0.38061546 0.29935786 0.45549199 0.41270254
 0.49790657 0.3901832  0.45510161 0.37068046 0.41863588 0.38074299
 0.29846496 0.38689284 0.42091666 0.37791468 0.40084517 0.47048931
 0.40836043 0.54202535 0.54782414 0.48880201 0.42583146 0.3268731
 0.37320146 0.38444155 0.49254207 0.45799472 0.4515758  0.49823474
 0.37403423 0.42033206 0.47020908 0.53904991 0.40613604 0.4013841
 0.4645394  0.36731646 0.43160714 0.45836804 0.40624968 0.46665508
 0.42973756 0.43083099 0.42606116 0.42860136 0.45878847 0.26521557
 0.3727738  0.34437534 0.3975067  0.43331163 0.46326479 0.42166209
 0.39165103 0.41155646 0.4891099  0.41248303 0.2564821  0.40861067
 0.36819116 0.49738423 0.38083703 0.36402076 0.39339275 0.42514563
 0.46756114 0.4586146  0.40864306 0.47974338 0.44996137 0.41069203
 0.4708019  0.50515082 0.43433014 0.27567759 0.40886664 0.42183036
 0.43259877 0.5575428  0.56390656 0.25612916 0.40699236 0.38993361
 0.43740894 0.44255621 0.46367174 0.43698507 0.44145613 0.4068886
 0.58974007 0.46466235 0.28180186 0.44684478 0.42027418 0.47195695
 0.45370004 0.39764539 0.42950726 0.45563478 0.44323228 0.39727813
 0.41547937 0.36843332 0.38071501 0.43110696 0.41451489 0.39668251
 0.56648415 0.41246766 0.40998781 0.43372375 0.21312396 0.40576282
 0.53520362 0.4795847  0.37008895 0.45595504 0.39984874 0.54451112
 0.395153   0.50265232 0.57186721 0.49628296 0.46816828 0.37297125
 0.42939792 0.4551217  0.38218203 0.47971551 0.38272819 0.38493164
 0.32229392 0.40833657 0.47369973 0.45593114 0.43533577 0.38782691
 0.40295788 0.3798164  0.41178672 0.49383965 0.44724909 0.46778131
 0.5279746  0.39891493 0.43676784 0.29037986 0.45250337 0.50429814
 0.37216315 0.53591268 0.37351628 0.40571062 0.40038776 0.43914469
 0.24553247 0.41567247 0.45210949 0.39093047 0.43572492 0.4351376
 0.40673392 0.44234486 0.39871083 0.47329814 0.37042585 0.38686196
 0.44337003 0.33864634 0.4478937  0.38901232 0.41443531 0.49028044
 0.40749156 0.27566491 0.45941308 0.52382133 0.54962606 0.48212759
 0.40017033 0.42609602 0.54822616 0.36963621 0.44930691 0.42941199
 0.4462344  0.39193914 0.59123664 0.36135349 0.43137596 0.44445905
 0.49374857 0.56603024 0.42751628 0.46322167 0.43709874 0.4347595
 0.44341984 0.50225555 0.32272428 0.42671461 0.42833017 0.42426354
 0.3785941  0.40946657 0.5560662  0.43602534 0.46932187 0.44127164
 0.4445097  0.45354012 0.38795784 0.44589239 0.38196752 0.38726421
 0.43323806 0.43936459 0.53753983 0.55458545 0.5401818  0.57363554
 0.43816307 0.57044677 0.43317975 0.5045789  0.42282158 0.51239127
 0.50544317 0.45769352 0.23950276 0.41305691 0.40983642 0.4430383
 0.36856432 0.43520314 0.42024892 0.39139449 0.44967606 0.58659266
 0.44409832 0.42215775 0.4189465  0.51111494 0.41614631 0.4176573
 0.57619965 0.38997207 0.38149696 0.42894009 0.42447254 0.39912406
 0.41360994 0.41938519 0.51908484 0.42968877 0.40637078 0.57442617
 0.43586908 0.42673459 0.39455625 0.43630124 0.40395873 0.44667209
 0.52176984 0.4382943  0.40198033 0.51228078 0.39415304 0.44492503
 0.51093936 0.53626272 0.45707315 0.43909558 0.44925146 0.44846723
 0.47210177 0.45589222 0.48093448 0.47369898 0.45573644 0.55386999
 0.45691813 0.54186927 0.43780749 0.42912205 0.52408735 0.37193376
 0.44241529 0.47077658 0.26132967 0.36423223 0.43166274 0.53616867
 0.49746711 0.27519998 0.46442783 0.42231366 0.40082564 0.4191404
 0.39899988 0.40900037 0.57089927 0.41137997 0.48885428 0.43167054
 0.51452783 0.42346288 0.43259651 0.49124983 0.41374194 0.32142444
 0.45187018 0.41213205 0.45100647 0.48032353 0.41071697 0.44235311
 0.44113313 0.38725541 0.4624514  0.44424474 0.3371724  0.43808352
 0.36258494 0.39971388 0.43946572 0.50996103 0.38392081 0.40688084
 0.43295841 0.41875663 0.57687467 0.42246374 0.45919834 0.42780084
 0.39615265 0.44103833 0.44000785 0.43068197 0.46126232 0.43565193
 0.42132383 0.40785431 0.41878235 0.49740072 0.36510377 0.56745563
 0.41412716 0.49869633 0.59025219 0.4028487  0.40359725 0.46192918
 0.42053575 0.42525638 0.47571672 0.43511744 0.40209414 0.43035674
 0.42697331 0.24408703 0.44505    0.5651413  0.47203797 0.4424965
 0.47450078 0.27790425 0.56822255 0.44033852 0.57660178 0.4242895
 0.46575308 0.39582542 0.43257739 0.39808343 0.45938817 0.56456652
 0.41781278 0.46161556 0.39499002 0.46360309 0.41807832 0.43461036
 0.43801727 0.53375242 0.38015347 0.39643422 0.46647728 0.41274151
 0.32645567 0.43877132 0.50890398 0.36764354 0.43210599 0.44361591
 0.56485941 0.42719087 0.45147531 0.42102043 0.5761011  0.54986557
 0.29044772 0.40342753 0.40677104 0.40541935 0.38787576 0.39180874
 0.37507276 0.48559263 0.4559162  0.47529416 0.28470069 0.44948111
 0.40327117 0.43042206 0.39598604 0.42712288 0.51681543 0.36733686
 0.40761278 0.41639156 0.41635094 0.41788168 0.47096181 0.46078101
 0.4261541  0.4194422  0.52910408 0.47704219 0.47978103 0.39616681
 0.44448927 0.38369023 0.4240187  0.45144397 0.40493159 0.43508281
 0.50754218 0.55879827 0.41196907 0.49811905 0.4558029  0.42811678
 0.54589653 0.24803167 0.47257278 0.4072227 ]
2021-04-30 12:14:30,191:CRITICAL: 
2021-04-30 12:14:44,935:INFO: Misclassification AUROC: entropy = 0.7393126276280843 aleatoric = 0.7361094698306465 epistemic = 0.329395550375478 vacuity = 0.7214316121889444 dissonance = 0.5899134001248589
2021-04-30 12:14:44,935:INFO: Misclassification AUPR: entropy = 0.6044671508538875 aleatoric = 0.601870282135301 epistemic = 0.2635888180761954 vacuity = 0.5911398040079605 dissonance = 0.4412988519911264
2021-04-30 12:14:45,024:INFO: Test set accuracy: 0.6482912475719753
